<?xml version="1.0" encoding="UTF-8"?>
<!-- Generated by org.testng.reporters.JUnitReportReporter -->
<testsuite skipped="0" hostname="DESKTOP-TJSJQ0I" name="frameworkImplementation.loginin_test_TestNG" tests="1" failures="0" timestamp="16 Jul 2021 09:04:56 GMT" time="7.436" errors="0">
  <testcase name="Test" time="7.436" classname="frameworkImplementation.loginin_test_TestNG"/>
</testsuite> <!-- frameworkImplementation.loginin_test_TestNG -->
