<?xml version="1.0" encoding="UTF-8"?>
<!-- Generated by org.testng.reporters.JUnitReportReporter -->
<testsuite skipped="0" hostname="DESKTOP-TJSJQ0I" name="frameworkImplementation.admin_job_paygrade_test_TestNG" tests="1" failures="0" timestamp="16 Jul 2021 08:50:10 GMT" time="36.748" errors="0">
  <testcase name="Test" time="36.748" classname="frameworkImplementation.admin_job_paygrade_test_TestNG"/>
</testsuite> <!-- frameworkImplementation.admin_job_paygrade_test_TestNG -->
